[2023-11-30 11:42:57] app.INFO: Protect vendor folder in module contactform [] []
[2023-11-30 11:42:57] app.INFO: Module contactform has no vendor folder [] []
[2023-11-30 11:42:57] app.INFO: Protect vendor folder in module dashactivity [] []
[2023-11-30 11:42:57] app.INFO: Module dashactivity has no vendor folder [] []
[2023-11-30 11:42:57] app.INFO: Protect vendor folder in module dashgoals [] []
[2023-11-30 11:42:57] app.INFO: Module dashgoals has no vendor folder [] []
[2023-11-30 11:42:57] app.INFO: Protect vendor folder in module dashproducts [] []
[2023-11-30 11:42:57] app.INFO: Module dashproducts has no vendor folder [] []
[2023-11-30 11:42:57] app.INFO: Protect vendor folder in module dashtrends [] []
[2023-11-30 11:42:57] app.INFO: Module dashtrends has no vendor folder [] []
[2023-11-30 11:42:57] app.INFO: Protect vendor folder in module graphnvd3 [] []
[2023-11-30 11:42:57] app.INFO: Module graphnvd3 has no vendor folder [] []
[2023-11-30 11:42:57] app.INFO: Protect vendor folder in module gridhtml [] []
[2023-11-30 11:42:57] app.INFO: Module gridhtml has no vendor folder [] []
[2023-11-30 11:42:57] app.INFO: Protect vendor folder in module gsitemap [] []
[2023-11-30 11:42:57] app.INFO: Module gsitemap has no vendor folder [] []
[2023-11-30 11:42:57] app.INFO: Protect vendor folder in module pagesnotfound [] []
[2023-11-30 11:42:57] app.INFO: Module pagesnotfound has no vendor folder [] []
[2023-11-30 11:42:58] app.INFO: Protect vendor folder in module productcomments [] []
[2023-11-30 11:42:58] app.INFO: Module productcomments has no vendor folder [] []
[2023-11-30 11:42:58] app.INFO: Protect vendor folder in module ps_banner [] []
[2023-11-30 11:42:58] app.INFO: Module ps_banner has no vendor folder [] []
[2023-11-30 11:42:58] app.INFO: Protect vendor folder in module ps_categorytree [] []
[2023-11-30 11:42:58] app.INFO: Module ps_categorytree has no vendor folder [] []
[2023-11-30 11:42:58] app.INFO: Protect vendor folder in module ps_checkpayment [] []
[2023-11-30 11:42:58] app.INFO: Module ps_checkpayment has no vendor folder [] []
[2023-11-30 11:42:58] app.INFO: Protect vendor folder in module ps_contactinfo [] []
[2023-11-30 11:42:58] app.INFO: Module ps_contactinfo has no vendor folder [] []
[2023-11-30 11:42:58] app.INFO: Protect vendor folder in module ps_crossselling [] []
[2023-11-30 11:42:58] app.INFO: Module ps_crossselling has no vendor folder [] []
[2023-11-30 11:42:58] app.INFO: Protect vendor folder in module ps_currencyselector [] []
[2023-11-30 11:42:58] app.INFO: Module ps_currencyselector has no vendor folder [] []
[2023-11-30 11:42:58] app.INFO: Protect vendor folder in module ps_customeraccountlinks [] []
[2023-11-30 11:42:58] app.INFO: Module ps_customeraccountlinks has no vendor folder [] []
[2023-11-30 11:42:58] app.INFO: Protect vendor folder in module ps_customersignin [] []
[2023-11-30 11:42:58] app.INFO: Module ps_customersignin has no vendor folder [] []
[2023-11-30 11:42:58] app.INFO: Protect vendor folder in module ps_customtext [] []
[2023-11-30 11:42:58] app.INFO: Module ps_customtext has no vendor folder [] []
[2023-11-30 11:42:58] app.INFO: Protect vendor folder in module ps_dataprivacy [] []
[2023-11-30 11:42:58] app.INFO: Module ps_dataprivacy has no vendor folder [] []
[2023-11-30 11:42:58] app.INFO: Protect vendor folder in module ps_emailsubscription [] []
[2023-11-30 11:42:58] app.INFO: Module ps_emailsubscription has no vendor folder [] []
[2023-11-30 11:42:58] app.INFO: Protect vendor folder in module ps_facetedsearch [] []
[2023-11-30 11:42:58] app.INFO: Module ps_facetedsearch has no vendor folder [] []
[2023-11-30 11:42:58] app.INFO: Protect vendor folder in module ps_faviconnotificationbo [] []
[2023-11-30 11:42:58] app.INFO: Module ps_faviconnotificationbo has no vendor folder [] []
[2023-11-30 11:42:58] app.INFO: Protect vendor folder in module ps_featuredproducts [] []
[2023-11-30 11:42:58] app.INFO: Module ps_featuredproducts has no vendor folder [] []
[2023-11-30 11:42:58] app.INFO: Protect vendor folder in module ps_imageslider [] []
[2023-11-30 11:42:58] app.INFO: Module ps_imageslider has no vendor folder [] []
[2023-11-30 11:42:58] app.INFO: Protect vendor folder in module ps_languageselector [] []
[2023-11-30 11:42:58] app.INFO: Module ps_languageselector has no vendor folder [] []
[2023-11-30 11:42:58] app.INFO: Protect vendor folder in module ps_linklist [] []
[2023-11-30 11:42:58] app.INFO: Module ps_linklist has no vendor folder [] []
[2023-11-30 11:42:58] app.ERROR: Cannot register tab "AdminLinkWidget" because it already exists [] []
[2023-11-30 11:42:58] app.INFO: Protect vendor folder in module ps_mainmenu [] []
[2023-11-30 11:42:58] app.INFO: Module ps_mainmenu has no vendor folder [] []
[2023-11-30 11:42:58] app.INFO: Protect vendor folder in module ps_searchbar [] []
[2023-11-30 11:42:58] app.INFO: Module ps_searchbar has no vendor folder [] []
[2023-11-30 11:42:58] app.INFO: Protect vendor folder in module ps_sharebuttons [] []
[2023-11-30 11:42:58] app.INFO: Module ps_sharebuttons has no vendor folder [] []
[2023-11-30 11:42:58] app.INFO: Protect vendor folder in module ps_shoppingcart [] []
[2023-11-30 11:42:58] app.INFO: Module ps_shoppingcart has no vendor folder [] []
[2023-11-30 11:42:58] app.INFO: Protect vendor folder in module ps_socialfollow [] []
[2023-11-30 11:42:58] app.INFO: Module ps_socialfollow has no vendor folder [] []
[2023-11-30 11:42:58] app.INFO: Protect vendor folder in module ps_themecusto [] []
[2023-11-30 11:42:58] app.INFO: Module ps_themecusto has no vendor folder [] []
[2023-11-30 11:42:58] app.INFO: Protect vendor folder in module ps_wirepayment [] []
[2023-11-30 11:42:58] app.INFO: Module ps_wirepayment has no vendor folder [] []
[2023-11-30 11:42:58] app.INFO: Protect vendor folder in module sekeywords [] []
[2023-11-30 11:42:58] app.INFO: Module sekeywords has no vendor folder [] []
[2023-11-30 11:42:58] app.INFO: Protect vendor folder in module statsbestcategories [] []
[2023-11-30 11:42:58] app.INFO: Module statsbestcategories has no vendor folder [] []
[2023-11-30 11:42:58] app.INFO: Protect vendor folder in module statsbestcustomers [] []
[2023-11-30 11:42:58] app.INFO: Module statsbestcustomers has no vendor folder [] []
[2023-11-30 11:42:58] app.INFO: Protect vendor folder in module statsbestproducts [] []
[2023-11-30 11:42:58] app.INFO: Module statsbestproducts has no vendor folder [] []
[2023-11-30 11:42:58] app.INFO: Protect vendor folder in module statsbestsuppliers [] []
[2023-11-30 11:42:58] app.INFO: Module statsbestsuppliers has no vendor folder [] []
[2023-11-30 11:42:58] app.INFO: Protect vendor folder in module statsbestvouchers [] []
[2023-11-30 11:42:58] app.INFO: Module statsbestvouchers has no vendor folder [] []
[2023-11-30 11:42:58] app.INFO: Protect vendor folder in module statscarrier [] []
[2023-11-30 11:42:58] app.INFO: Module statscarrier has no vendor folder [] []
[2023-11-30 11:42:58] app.INFO: Protect vendor folder in module statscatalog [] []
[2023-11-30 11:42:58] app.INFO: Module statscatalog has no vendor folder [] []
[2023-11-30 11:42:58] app.INFO: Protect vendor folder in module statscheckup [] []
[2023-11-30 11:42:58] app.INFO: Module statscheckup has no vendor folder [] []
[2023-11-30 11:42:58] app.INFO: Protect vendor folder in module statsdata [] []
[2023-11-30 11:42:58] app.INFO: Module statsdata has no vendor folder [] []
[2023-11-30 11:42:58] app.INFO: Protect vendor folder in module statsequipment [] []
[2023-11-30 11:42:58] app.INFO: Module statsequipment has no vendor folder [] []
[2023-11-30 11:42:58] app.INFO: Protect vendor folder in module statsforecast [] []
[2023-11-30 11:42:58] app.INFO: Module statsforecast has no vendor folder [] []
[2023-11-30 11:42:58] app.INFO: Protect vendor folder in module statslive [] []
[2023-11-30 11:42:58] app.INFO: Module statslive has no vendor folder [] []
[2023-11-30 11:42:58] app.INFO: Protect vendor folder in module statsnewsletter [] []
[2023-11-30 11:42:58] app.INFO: Module statsnewsletter has no vendor folder [] []
[2023-11-30 11:42:58] app.INFO: Protect vendor folder in module statsorigin [] []
[2023-11-30 11:42:58] app.INFO: Module statsorigin has no vendor folder [] []
[2023-11-30 11:42:59] app.INFO: Protect vendor folder in module statspersonalinfos [] []
[2023-11-30 11:42:59] app.INFO: Module statspersonalinfos has no vendor folder [] []
[2023-11-30 11:42:59] app.INFO: Protect vendor folder in module statsproduct [] []
[2023-11-30 11:42:59] app.INFO: Module statsproduct has no vendor folder [] []
[2023-11-30 11:42:59] app.INFO: Protect vendor folder in module statsregistrations [] []
[2023-11-30 11:42:59] app.INFO: Module statsregistrations has no vendor folder [] []
[2023-11-30 11:42:59] app.INFO: Protect vendor folder in module statssales [] []
[2023-11-30 11:42:59] app.INFO: Module statssales has no vendor folder [] []
[2023-11-30 11:42:59] app.INFO: Protect vendor folder in module statssearch [] []
[2023-11-30 11:42:59] app.INFO: Module statssearch has no vendor folder [] []
[2023-11-30 11:42:59] app.INFO: Protect vendor folder in module statsstock [] []
[2023-11-30 11:42:59] app.INFO: Module statsstock has no vendor folder [] []
[2023-11-30 11:42:59] app.INFO: Protect vendor folder in module statsvisits [] []
[2023-11-30 11:42:59] app.INFO: Module statsvisits has no vendor folder [] []
[2023-11-30 11:42:59] app.INFO: Protect vendor folder in module welcome [] []
[2023-11-30 11:42:59] app.INFO: Module welcome has no vendor folder [] []
[2023-11-30 11:43:01] app.INFO: Exporting mail with theme modern for language Français (French) [] []
[2023-11-30 11:43:01] app.INFO: Core output folder: /Applications/MAMP/htdocs/prestatest/mails [] []
[2023-11-30 11:43:01] app.INFO: Modules output folder: /Applications/MAMP/htdocs/prestatest/modules/ [] []
[2023-11-30 11:50:57] app.INFO: Protect vendor folder in module contactform [] []
[2023-11-30 11:50:57] app.INFO: Module contactform has no vendor folder [] []
[2023-11-30 11:50:57] app.INFO: Protect vendor folder in module dashactivity [] []
[2023-11-30 11:50:57] app.INFO: Module dashactivity has no vendor folder [] []
[2023-11-30 11:50:57] app.INFO: Protect vendor folder in module dashgoals [] []
[2023-11-30 11:50:57] app.INFO: Module dashgoals has no vendor folder [] []
[2023-11-30 11:50:57] app.INFO: Protect vendor folder in module dashproducts [] []
[2023-11-30 11:50:57] app.INFO: Module dashproducts has no vendor folder [] []
[2023-11-30 11:50:57] app.INFO: Protect vendor folder in module dashtrends [] []
[2023-11-30 11:50:57] app.INFO: Module dashtrends has no vendor folder [] []
[2023-11-30 11:50:57] app.INFO: Protect vendor folder in module graphnvd3 [] []
[2023-11-30 11:50:57] app.INFO: Module graphnvd3 has no vendor folder [] []
[2023-11-30 11:50:57] app.INFO: Protect vendor folder in module gridhtml [] []
[2023-11-30 11:50:57] app.INFO: Module gridhtml has no vendor folder [] []
[2023-11-30 11:50:57] app.INFO: Protect vendor folder in module gsitemap [] []
[2023-11-30 11:50:57] app.INFO: Module gsitemap has no vendor folder [] []
[2023-11-30 11:50:57] app.INFO: Protect vendor folder in module pagesnotfound [] []
[2023-11-30 11:50:57] app.INFO: Module pagesnotfound has no vendor folder [] []
[2023-11-30 11:50:57] app.INFO: Protect vendor folder in module productcomments [] []
[2023-11-30 11:50:57] app.INFO: Module productcomments has no vendor folder [] []
[2023-11-30 11:50:57] app.INFO: Protect vendor folder in module ps_banner [] []
[2023-11-30 11:50:57] app.INFO: Module ps_banner has no vendor folder [] []
[2023-11-30 11:50:57] app.INFO: Protect vendor folder in module ps_categorytree [] []
[2023-11-30 11:50:57] app.INFO: Module ps_categorytree has no vendor folder [] []
[2023-11-30 11:50:57] app.INFO: Protect vendor folder in module ps_checkpayment [] []
[2023-11-30 11:50:57] app.INFO: Module ps_checkpayment has no vendor folder [] []
[2023-11-30 11:50:57] app.INFO: Protect vendor folder in module ps_contactinfo [] []
[2023-11-30 11:50:57] app.INFO: Module ps_contactinfo has no vendor folder [] []
[2023-11-30 11:50:57] app.INFO: Protect vendor folder in module ps_crossselling [] []
[2023-11-30 11:50:57] app.INFO: Module ps_crossselling has no vendor folder [] []
[2023-11-30 11:50:57] app.INFO: Protect vendor folder in module ps_currencyselector [] []
[2023-11-30 11:50:57] app.INFO: Module ps_currencyselector has no vendor folder [] []
[2023-11-30 11:50:57] app.INFO: Protect vendor folder in module ps_customeraccountlinks [] []
[2023-11-30 11:50:57] app.INFO: Module ps_customeraccountlinks has no vendor folder [] []
[2023-11-30 11:50:57] app.INFO: Protect vendor folder in module ps_customersignin [] []
[2023-11-30 11:50:57] app.INFO: Module ps_customersignin has no vendor folder [] []
[2023-11-30 11:50:57] app.INFO: Protect vendor folder in module ps_customtext [] []
[2023-11-30 11:50:57] app.INFO: Module ps_customtext has no vendor folder [] []
[2023-11-30 11:50:57] app.INFO: Protect vendor folder in module ps_dataprivacy [] []
[2023-11-30 11:50:57] app.INFO: Module ps_dataprivacy has no vendor folder [] []
[2023-11-30 11:50:57] app.INFO: Protect vendor folder in module ps_emailsubscription [] []
[2023-11-30 11:50:57] app.INFO: Module ps_emailsubscription has no vendor folder [] []
[2023-11-30 11:50:57] app.INFO: Protect vendor folder in module ps_facetedsearch [] []
[2023-11-30 11:50:57] app.INFO: Module ps_facetedsearch has no vendor folder [] []
[2023-11-30 11:50:57] app.INFO: Protect vendor folder in module ps_faviconnotificationbo [] []
[2023-11-30 11:50:57] app.INFO: Module ps_faviconnotificationbo has no vendor folder [] []
[2023-11-30 11:50:57] app.INFO: Protect vendor folder in module ps_featuredproducts [] []
[2023-11-30 11:50:57] app.INFO: Module ps_featuredproducts has no vendor folder [] []
[2023-11-30 11:50:58] app.INFO: Protect vendor folder in module ps_imageslider [] []
[2023-11-30 11:50:58] app.INFO: Module ps_imageslider has no vendor folder [] []
[2023-11-30 11:50:58] app.INFO: Protect vendor folder in module ps_languageselector [] []
[2023-11-30 11:50:58] app.INFO: Module ps_languageselector has no vendor folder [] []
[2023-11-30 11:50:58] app.INFO: Protect vendor folder in module ps_linklist [] []
[2023-11-30 11:50:58] app.INFO: Module ps_linklist has no vendor folder [] []
[2023-11-30 11:50:58] app.ERROR: Cannot register tab "AdminLinkWidget" because it already exists [] []
[2023-11-30 11:50:58] app.INFO: Protect vendor folder in module ps_mainmenu [] []
[2023-11-30 11:50:58] app.INFO: Module ps_mainmenu has no vendor folder [] []
[2023-11-30 11:50:58] app.INFO: Protect vendor folder in module ps_searchbar [] []
[2023-11-30 11:50:58] app.INFO: Module ps_searchbar has no vendor folder [] []
[2023-11-30 11:50:58] app.INFO: Protect vendor folder in module ps_sharebuttons [] []
[2023-11-30 11:50:58] app.INFO: Module ps_sharebuttons has no vendor folder [] []
[2023-11-30 11:50:58] app.INFO: Protect vendor folder in module ps_shoppingcart [] []
[2023-11-30 11:50:58] app.INFO: Module ps_shoppingcart has no vendor folder [] []
[2023-11-30 11:50:58] app.INFO: Protect vendor folder in module ps_socialfollow [] []
[2023-11-30 11:50:58] app.INFO: Module ps_socialfollow has no vendor folder [] []
[2023-11-30 11:50:58] app.INFO: Protect vendor folder in module ps_themecusto [] []
[2023-11-30 11:50:58] app.INFO: Module ps_themecusto has no vendor folder [] []
[2023-11-30 11:50:58] app.INFO: Protect vendor folder in module ps_wirepayment [] []
[2023-11-30 11:50:58] app.INFO: Module ps_wirepayment has no vendor folder [] []
[2023-11-30 11:50:58] app.INFO: Protect vendor folder in module sekeywords [] []
[2023-11-30 11:50:58] app.INFO: Module sekeywords has no vendor folder [] []
[2023-11-30 11:50:58] app.INFO: Protect vendor folder in module statsbestcategories [] []
[2023-11-30 11:50:58] app.INFO: Module statsbestcategories has no vendor folder [] []
[2023-11-30 11:50:58] app.INFO: Protect vendor folder in module statsbestcustomers [] []
[2023-11-30 11:50:58] app.INFO: Module statsbestcustomers has no vendor folder [] []
[2023-11-30 11:50:58] app.INFO: Protect vendor folder in module statsbestproducts [] []
[2023-11-30 11:50:58] app.INFO: Module statsbestproducts has no vendor folder [] []
[2023-11-30 11:50:58] app.INFO: Protect vendor folder in module statsbestsuppliers [] []
[2023-11-30 11:50:58] app.INFO: Module statsbestsuppliers has no vendor folder [] []
[2023-11-30 11:50:58] app.INFO: Protect vendor folder in module statsbestvouchers [] []
[2023-11-30 11:50:58] app.INFO: Module statsbestvouchers has no vendor folder [] []
[2023-11-30 11:50:58] app.INFO: Protect vendor folder in module statscarrier [] []
[2023-11-30 11:50:58] app.INFO: Module statscarrier has no vendor folder [] []
[2023-11-30 11:50:58] app.INFO: Protect vendor folder in module statscatalog [] []
[2023-11-30 11:50:58] app.INFO: Module statscatalog has no vendor folder [] []
[2023-11-30 11:50:58] app.INFO: Protect vendor folder in module statscheckup [] []
[2023-11-30 11:50:58] app.INFO: Module statscheckup has no vendor folder [] []
[2023-11-30 11:50:58] app.INFO: Protect vendor folder in module statsdata [] []
[2023-11-30 11:50:58] app.INFO: Module statsdata has no vendor folder [] []
[2023-11-30 11:50:58] app.INFO: Protect vendor folder in module statsequipment [] []
[2023-11-30 11:50:58] app.INFO: Module statsequipment has no vendor folder [] []
[2023-11-30 11:50:58] app.INFO: Protect vendor folder in module statsforecast [] []
[2023-11-30 11:50:58] app.INFO: Module statsforecast has no vendor folder [] []
[2023-11-30 11:50:58] app.INFO: Protect vendor folder in module statslive [] []
[2023-11-30 11:50:58] app.INFO: Module statslive has no vendor folder [] []
[2023-11-30 11:50:58] app.INFO: Protect vendor folder in module statsnewsletter [] []
[2023-11-30 11:50:58] app.INFO: Module statsnewsletter has no vendor folder [] []
[2023-11-30 11:50:58] app.INFO: Protect vendor folder in module statsorigin [] []
[2023-11-30 11:50:58] app.INFO: Module statsorigin has no vendor folder [] []
[2023-11-30 11:50:58] app.INFO: Protect vendor folder in module statspersonalinfos [] []
[2023-11-30 11:50:58] app.INFO: Module statspersonalinfos has no vendor folder [] []
[2023-11-30 11:50:58] app.INFO: Protect vendor folder in module statsproduct [] []
[2023-11-30 11:50:58] app.INFO: Module statsproduct has no vendor folder [] []
[2023-11-30 11:50:58] app.INFO: Protect vendor folder in module statsregistrations [] []
[2023-11-30 11:50:58] app.INFO: Module statsregistrations has no vendor folder [] []
[2023-11-30 11:50:58] app.INFO: Protect vendor folder in module statssales [] []
[2023-11-30 11:50:58] app.INFO: Module statssales has no vendor folder [] []
[2023-11-30 11:50:58] app.INFO: Protect vendor folder in module statssearch [] []
[2023-11-30 11:50:58] app.INFO: Module statssearch has no vendor folder [] []
[2023-11-30 11:50:58] app.INFO: Protect vendor folder in module statsstock [] []
[2023-11-30 11:50:58] app.INFO: Module statsstock has no vendor folder [] []
[2023-11-30 11:50:58] app.INFO: Protect vendor folder in module statsvisits [] []
[2023-11-30 11:50:58] app.INFO: Module statsvisits has no vendor folder [] []
[2023-11-30 11:50:58] app.INFO: Protect vendor folder in module welcome [] []
[2023-11-30 11:50:58] app.INFO: Module welcome has no vendor folder [] []
[2023-11-30 11:51:00] app.INFO: Exporting mail with theme modern for language Français (French) [] []
[2023-11-30 11:51:00] app.INFO: Core output folder: /Applications/MAMP/htdocs/prestatest/mails [] []
[2023-11-30 11:51:00] app.INFO: Modules output folder: /Applications/MAMP/htdocs/prestatest/modules/ [] []
[2023-11-30 11:53:08] app.ERROR: Data from PrestaShop Addons is invalid, and cannot fallback on cache.  {"exception":"cURL error 28: Operation timed out after 5000 milliseconds with 422728 bytes received"} []
[2023-11-30 11:53:08] app.INFO: Protect vendor folder in module gamification [] []
[2023-11-30 11:53:09] app.INFO: Protect vendor folder in module psaddonsconnect [] []
[2023-11-30 11:53:09] app.INFO: Protect vendor folder in module psgdpr [] []
[2023-11-30 11:53:09] app.INFO: Protect vendor folder in module ps_mbo [] []
[2023-11-30 11:53:09] app.INFO: Protect vendor folder in module ps_buybuttonlite [] []
[2023-11-30 11:53:09] app.INFO: Protect vendor folder in module ps_checkout [] []
[2023-11-30 11:53:10] app.INFO: Protect vendor folder in module ps_metrics [] []
[2023-11-30 11:53:10] app.INFO: Protect vendor folder in module ps_facebook [] []
[2023-11-30 11:53:12] app.INFO: Protect vendor folder in module psxmarketingwithgoogle [] []
[2023-11-30 11:53:20] app.INFO: Exporting mail with theme modern for language Français (French) [] []
[2023-11-30 11:53:20] app.INFO: Core output folder: /Applications/MAMP/htdocs/prestatest/mails [] []
[2023-11-30 11:53:20] app.INFO: Modules output folder: /Applications/MAMP/htdocs/prestatest/modules/ [] []
[2024-02-01 15:26:24] request.INFO: Matched route "admin_themes_import". {"route":"admin_themes_import","route_parameters":{"_controller":"PrestaShopBundle\\Controller\\Admin\\Improve\\Design\\ThemeController::importAction","_legacy_controller":"AdminThemes","_legacy_link":"AdminThemes:importtheme","_route":"admin_themes_import"},"request_uri":"http://localhost:8888/prestatest/admin3908otfhk/index.php/improve/design/themes/import?_token=2RbhTJSESsnRjWMI8Ovtk8j9Dr3XkQZaEdHO74AWKK0","method":"POST"} []
[2024-02-01 15:26:24] security.DEBUG: Read existing security token from the session. {"key":"_security_main","token_class":"Symfony\\Component\\Security\\Core\\Authentication\\Token\\UsernamePasswordToken"} []
[2024-02-01 15:26:24] security.DEBUG: User was reloaded from a user provider. {"provider":"PrestaShopBundle\\Security\\Admin\\EmployeeProvider","username":"matteo.thiebaut@newwalkings.com"} []
[2024-02-01 15:26:25] app.ERROR: You must specify as many arguments (%d, %s ...) as the original string. [] []
[2024-02-01 15:26:25] security.DEBUG: Stored the security token in the session. {"key":"_security_main"} []
